<?xml version="1.0" encoding="UTF-8"?>
<coverage generated="1674313388142" clover="3.2.0">
  <project timestamp="1674313388142" name="All files">
    <metrics statements="12" coveredstatements="6" conditionals="8" coveredconditionals="2" methods="4" coveredmethods="2" elements="24" coveredelements="10" complexity="0" loc="12" ncloc="12" packages="2" files="2" classes="2"/>
    <package name="Redux">
      <metrics statements="1" coveredstatements="1" conditionals="0" coveredconditionals="0" methods="0" coveredmethods="0"/>
      <file name="Store.js" path="C:\Users\aman\Dropbox\Desktop\Web development\Namaste React\Assignment-Namaste-React\assg8-unit-testing\src\Redux\Store.js">
        <metrics statements="1" coveredstatements="1" conditionals="0" coveredconditionals="0" methods="0" coveredmethods="0"/>
        <line num="4" count="1" type="stmt"/>
      </file>
    </package>
    <package name="routes.AppLayout">
      <metrics statements="11" coveredstatements="5" conditionals="8" coveredconditionals="2" methods="4" coveredmethods="2"/>
      <file name="HeaderComponent.js" path="C:\Users\aman\Dropbox\Desktop\Web development\Namaste React\Assignment-Namaste-React\assg8-unit-testing\src\routes\AppLayout\HeaderComponent.js">
        <metrics statements="11" coveredstatements="5" conditionals="8" coveredconditionals="2" methods="4" coveredmethods="2"/>
        <line num="11" count="1" type="stmt"/>
        <line num="12" count="1" type="stmt"/>
        <line num="14" count="1" type="stmt"/>
        <line num="15" count="1" type="stmt"/>
        <line num="18" count="0" type="cond" truecount="0" falsecount="2"/>
        <line num="19" count="0" type="stmt"/>
        <line num="20" count="0" type="stmt"/>
        <line num="22" count="0" type="stmt"/>
        <line num="23" count="0" type="stmt"/>
        <line num="27" count="1" type="stmt"/>
        <line num="51" count="0" type="cond" truecount="0" falsecount="2"/>
      </file>
    </package>
  </project>
</coverage>
