{"C:\\Users\\aman\\Dropbox\\Desktop\\Web development\\Namaste React\\Assignment-Namaste-React\\assg8-unit-testing\\src\\Redux\\Store.js": {"path":"C:\\Users\\aman\\Dropbox\\Desktop\\Web development\\Namaste React\\Assignment-Namaste-React\\assg8-unit-testing\\src\\Redux\\Store.js","statementMap":{"0":{"start":{"line":4,"column":14},"end":{"line":8,"column":2}}},"fnMap":{},"branchMap":{},"s":{"0":1},"f":{},"b":{},"_coverageSchema":"1a1c01bbd47fc00a2c39e90264f33305004495a9","hash":"cffb380f4628ed03ac832930797a6f4df4cf329e"}
,"C:\\Users\\aman\\Dropbox\\Desktop\\Web development\\Namaste React\\Assignment-Namaste-React\\assg8-unit-testing\\src\\routes\\AppLayout\\HeaderComponent.js": {"path":"C:\\Users\\aman\\Dropbox\\Desktop\\Web development\\Namaste React\\Assignment-Namaste-React\\assg8-unit-testing\\src\\routes\\AppLayout\\HeaderComponent.js","statementMap":{"0":{"start":{"line":11,"column":15},"end":{"line":62,"column":1}},"1":{"start":{"line":12,"column":30},"end":{"line":12,"column":54}},"2":{"start":{"line":14,"column":34},"end":{"line":14,"column":68}},"3":{"start":{"line":14,"column":57},"end":{"line":14,"column":67}},"4":{"start":{"line":15,"column":19},"end":{"line":15,"column":32}},"5":{"start":{"line":18,"column":4},"end":{"line":24,"column":5}},"6":{"start":{"line":19,"column":6},"end":{"line":19,"column":29}},"7":{"start":{"line":20,"column":6},"end":{"line":20,"column":41}},"8":{"start":{"line":22,"column":6},"end":{"line":22,"column":29}},"9":{"start":{"line":23,"column":6},"end":{"line":23,"column":48}},"10":{"start":{"line":27,"column":2},"end":{"line":61,"column":4}},"11":{"start":{"line":51,"column":25},"end":{"line":51,"column":71}}},"fnMap":{"0":{"name":"(anonymous_0)","decl":{"start":{"line":11,"column":15},"end":{"line":11,"column":16}},"loc":{"start":{"line":11,"column":21},"end":{"line":62,"column":1}},"line":11},"1":{"name":"(anonymous_1)","decl":{"start":{"line":14,"column":46},"end":{"line":14,"column":47}},"loc":{"start":{"line":14,"column":57},"end":{"line":14,"column":67}},"line":14},"2":{"name":"handleUserLogin","decl":{"start":{"line":17,"column":11},"end":{"line":17,"column":26}},"loc":{"start":{"line":17,"column":29},"end":{"line":25,"column":3}},"line":17},"3":{"name":"(anonymous_3)","decl":{"start":{"line":51,"column":19},"end":{"line":51,"column":20}},"loc":{"start":{"line":51,"column":25},"end":{"line":51,"column":71}},"line":51}},"branchMap":{"0":{"loc":{"start":{"line":18,"column":4},"end":{"line":24,"column":5}},"type":"if","locations":[{"start":{"line":18,"column":4},"end":{"line":24,"column":5}},{"start":{"line":21,"column":11},"end":{"line":24,"column":5}}],"line":18},"1":{"loc":{"start":{"line":46,"column":11},"end":{"line":46,"column":66}},"type":"cond-expr","locations":[{"start":{"line":46,"column":24},"end":{"line":46,"column":56}},{"start":{"line":46,"column":59},"end":{"line":46,"column":66}}],"line":46},"2":{"loc":{"start":{"line":51,"column":34},"end":{"line":51,"column":70}},"type":"cond-expr","locations":[{"start":{"line":51,"column":54},"end":{"line":51,"column":60}},{"start":{"line":51,"column":63},"end":{"line":51,"column":70}}],"line":51},"3":{"loc":{"start":{"line":53,"column":11},"end":{"line":57,"column":11}},"type":"cond-expr","locations":[{"start":{"line":54,"column":12},"end":{"line":54,"column":65}},{"start":{"line":56,"column":12},"end":{"line":56,"column":69}}],"line":53}},"s":{"0":1,"1":1,"2":1,"3":1,"4":1,"5":0,"6":0,"7":0,"8":0,"9":0,"10":1,"11":0},"f":{"0":1,"1":1,"2":0,"3":0},"b":{"0":[0,0],"1":[0,1],"2":[0,0],"3":[1,0]},"_coverageSchema":"1a1c01bbd47fc00a2c39e90264f33305004495a9","hash":"bc08b5a3129cbc53bddd7ef2d2d771d655f0ea4d"}
}
