TN:
SF:src\Redux\Store.js
FNF:0
FNH:0
DA:4,1
LF:1
LH:1
BRF:0
BRH:0
end_of_record
TN:
SF:src\routes\AppLayout\HeaderComponent.js
FN:11,(anonymous_0)
FN:14,(anonymous_1)
FN:17,handleUserLogin
FN:51,(anonymous_3)
FNF:4
FNH:2
FNDA:1,(anonymous_0)
FNDA:1,(anonymous_1)
FNDA:0,handleUserLogin
FNDA:0,(anonymous_3)
DA:11,1
DA:12,1
DA:14,1
DA:15,1
DA:18,0
DA:19,0
DA:20,0
DA:22,0
DA:23,0
DA:27,1
DA:51,0
LF:11
LH:5
BRDA:18,0,0,0
BRDA:18,0,1,0
BRDA:46,1,0,0
BRDA:46,1,1,1
BRDA:51,2,0,0
BRDA:51,2,1,0
BRDA:53,3,0,1
BRDA:53,3,1,0
BRF:8
BRH:2
end_of_record
